
Benchmark 1: ./target/release/2024 1
  Time (mean ± σ):       1.8 ms ±   0.1 ms    [User: 0.9 ms, System: 0.5 ms]
  Range (min … max):     1.7 ms …   2.7 ms    1329 runs
 
Benchmark 1: ./target/release/2024 2
  Time (mean ± σ):       1.8 ms ±   0.1 ms    [User: 1.0 ms, System: 0.5 ms]
  Range (min … max):     1.7 ms …   2.7 ms    1644 runs
 
Benchmark 1: ./target/release/2024 3
  Time (mean ± σ):       2.4 ms ±   0.2 ms    [User: 1.4 ms, System: 0.5 ms]
  Range (min … max):     2.2 ms …   3.2 ms    1291 runs
 
Benchmark 1: ./target/release/2024 4
  Time (mean ± σ):       2.0 ms ±   0.2 ms    [User: 1.1 ms, System: 0.5 ms]
  Range (min … max):     1.8 ms …   5.7 ms    1560 runs
 
Benchmark 1: ./target/release/2024 5
  Time (mean ± σ):      11.2 ms ±   0.3 ms    [User: 10.2 ms, System: 0.5 ms]
  Range (min … max):    11.0 ms …  12.2 ms    259 runs
 
Benchmark 1: ./target/release/2024 6
  Time (mean ± σ):     170.1 ms ±   2.6 ms    [User: 168.3 ms, System: 1.1 ms]
  Range (min … max):   165.8 ms … 175.9 ms    17 runs
 
Benchmark 1: ./target/release/2024 7
  Time (mean ± σ):     402.3 ms ±   8.5 ms    [User: 396.5 ms, System: 2.7 ms]
  Range (min … max):   397.5 ms … 425.5 ms    10 runs
 
Benchmark 1: ./target/release/2024 8
  Time (mean ± σ):       1.7 ms ±   0.1 ms    [User: 0.9 ms, System: 0.5 ms]
  Range (min … max):     1.6 ms …   3.1 ms    1704 runs
 
Benchmark 1: ./target/release/2024 9
  Time (mean ± σ):      28.4 ms ±   0.5 ms    [User: 26.9 ms, System: 0.9 ms]
  Range (min … max):    28.0 ms …  30.3 ms    106 runs
 
Benchmark 1: ./target/release/2024 10
  Time (mean ± σ):       2.1 ms ±   0.1 ms    [User: 1.3 ms, System: 0.5 ms]
  Range (min … max):     2.0 ms …   3.5 ms    1430 runs
 
Benchmark 1: ./target/release/2024 11
  Time (mean ± σ):      32.2 ms ±   4.1 ms    [User: 28.4 ms, System: 2.6 ms]
  Range (min … max):    30.8 ms …  67.1 ms    96 runs
 
Benchmark 1: ./target/release/2024 12
  Time (mean ± σ):      15.9 ms ±   0.4 ms    [User: 14.6 ms, System: 0.7 ms]
  Range (min … max):    15.3 ms …  17.5 ms    176 runs
 
Benchmark 1: ./target/release/2024 13
  Time (mean ± σ):       1.9 ms ±   0.1 ms    [User: 1.1 ms, System: 0.4 ms]
  Range (min … max):     1.8 ms …   4.4 ms    1586 runs
 
Benchmark 1: ./target/release/2024 14
  Time (mean ± σ):       8.4 ms ±   0.5 ms    [User: 7.3 ms, System: 0.6 ms]
  Range (min … max):     8.1 ms …  12.9 ms    365 runs
 
Benchmark 1: ./target/release/2024 15
  Time (mean ± σ):       3.2 ms ±   0.2 ms    [User: 2.3 ms, System: 0.5 ms]
  Range (min … max):     3.1 ms …   6.2 ms    949 runs
 
Benchmark 1: ./target/release/2024 16
  Time (mean ± σ):     186.3 ms ±   6.9 ms    [User: 146.3 ms, System: 38.8 ms]
  Range (min … max):   176.8 ms … 201.7 ms    16 runs
 
Benchmark 1: ./target/release/2024 17
  Time (mean ± σ):      69.6 ms ±   0.6 ms    [User: 68.2 ms, System: 0.7 ms]
  Range (min … max):    68.7 ms …  71.8 ms    43 runs
 
Benchmark 1: ./target/release/2024 18
  Time (mean ± σ):       4.8 ms ±   0.2 ms    [User: 3.9 ms, System: 0.5 ms]
  Range (min … max):     4.6 ms …   5.9 ms    628 runs
 
Benchmark 1: ./target/release/2024 19
  Time (mean ± σ):       7.5 ms ±   0.3 ms    [User: 23.1 ms, System: 2.5 ms]
  Range (min … max):     7.2 ms …   9.2 ms    409 runs
 
Benchmark 1: ./target/release/2024 20
  Time (mean ± σ):     123.0 ms ±   1.5 ms    [User: 121.4 ms, System: 0.9 ms]
  Range (min … max):   119.5 ms … 125.5 ms    24 runs
 
Benchmark 1: ./target/release/2024 21
  Time (mean ± σ):       1.9 ms ±   0.4 ms    [User: 1.0 ms, System: 0.5 ms]
  Range (min … max):     1.8 ms …  14.7 ms    1660 runs
 
Benchmark 1: ./target/release/2024 22
  Time (mean ± σ):     211.0 ms ±   4.8 ms    [User: 552.7 ms, System: 32.4 ms]
  Range (min … max):   206.4 ms … 219.6 ms    13 runs
 
Benchmark 1: ./target/release/2024 23
  Time (mean ± σ):       8.8 ms ±   0.3 ms    [User: 7.7 ms, System: 0.7 ms]
  Range (min … max):     8.4 ms …  10.0 ms    338 runs
 
Benchmark 1: ./target/release/2024 24
  Time (mean ± σ):       2.1 ms ±   0.2 ms    [User: 1.3 ms, System: 0.5 ms]
  Range (min … max):     2.0 ms …   6.6 ms    1408 runs
 
